#
# A fatal error has been detected by the Java Runtime Environment:
#
#  Internal Error (exceptions.cpp:427), pid=7960, tid=0x00007fe6fc995700
#  fatal error: ExceptionMark destructor expects no pending exceptions
#
# JRE version: Java(TM) SE Runtime Environment (8.0_112-b15) (build 1.8.0_112-b15)
# Java VM: Java HotSpot(TM) 64-Bit Server VM (25.112-b15 mixed mode linux-amd64 compressed oops)
# Failed to write core dump. Core dumps have been disabled. To enable core dumping, try "ulimit -c unlimited" before starting Java again
#
# If you would like to submit a bug report, please visit:
#   http://bugreport.java.com/bugreport/crash.jsp
#

---------------  T H R E A D  ---------------

Current thread (0x00007fe7140f3000):  JavaThread "Thread-3" [_thread_in_vm, id=7987, stack(0x00007fe6fc895000,0x00007fe6fc996000)]

Stack: [0x00007fe6fc895000,0x00007fe6fc996000],  sp=0x00007fe6fc993740,  free space=1017k
Native frames: (J=compiled Java code, j=interpreted, Vv=VM code, C=native code)
V  [libjvm.so+0xac6f7a]  VMError::report_and_die()+0x2ba
V  [libjvm.so+0x4fc2d9]  report_fatal(char const*, int, char const*)+0x59
V  [libjvm.so+0x57e810]  ExceptionMark::~ExceptionMark()+0xb0
V  [libjvm.so+0x7a22b9]  JvmtiExport::post_exception_throw(JavaThread*, Method*, unsigned char*, oopDesc*)+0xc79
V  [libjvm.so+0x6868ef]  InterpreterRuntime::exception_handler_for_exception(JavaThread*, oopDesc*)+0x45f
j  com.sun.crypto.provider.CipherCore.doFinal([BII[BI)I+493
J 705 C1 com.sun.crypto.provider.CipherCore.doFinal([BII)[B (58 bytes) @ 0x00007fe7052ebe54 [0x00007fe7052ebc60+0x1f4]
j  com.sun.crypto.provider.AESCipher.engineDoFinal([BII)[B+7
J 694 C1 pkg3bforce.BruteForce.decrypt(Ljava/lang/String;[B)Ljava/lang/String; (55 bytes) @ 0x00007fe7052d0794 [0x00007fe7052cffc0+0x7d4]
j  pkg3bforce.BruteForce.force(II)V+549
j  pkg3bforce.BruteForce.run()V+9
j  java.lang.Thread.run()V+11
v  ~StubRoutines::call_stub
V  [libjvm.so+0x690c66]  JavaCalls::call_helper(JavaValue*, methodHandle*, JavaCallArguments*, Thread*)+0x1056
V  [libjvm.so+0x691171]  JavaCalls::call_virtual(JavaValue*, KlassHandle, Symbol*, Symbol*, JavaCallArguments*, Thread*)+0x321
V  [libjvm.so+0x691617]  JavaCalls::call_virtual(JavaValue*, Handle, KlassHandle, Symbol*, Symbol*, Thread*)+0x47
V  [libjvm.so+0x72c990]  thread_entry(JavaThread*, Thread*)+0xa0
V  [libjvm.so+0xa755f3]  JavaThread::thread_main_inner()+0x103
V  [libjvm.so+0xa7573c]  JavaThread::run()+0x11c
V  [libjvm.so+0x926138]  java_start(Thread*)+0x108
C  [libpthread.so.0+0x770a]  start_thread+0xca

Java frames: (J=compiled Java code, j=interpreted, Vv=VM code)
j  com.sun.crypto.provider.CipherCore.doFinal([BII[BI)I+493
J 705 C1 com.sun.crypto.provider.CipherCore.doFinal([BII)[B (58 bytes) @ 0x00007fe7052ebe54 [0x00007fe7052ebc60+0x1f4]
j  com.sun.crypto.provider.AESCipher.engineDoFinal([BII)[B+7
J 694 C1 pkg3bforce.BruteForce.decrypt(Ljava/lang/String;[B)Ljava/lang/String; (55 bytes) @ 0x00007fe7052d0794 [0x00007fe7052cffc0+0x7d4]
j  pkg3bforce.BruteForce.force(II)V+549
j  pkg3bforce.BruteForce.run()V+9
j  java.lang.Thread.run()V+11
v  ~StubRoutines::call_stub

---------------  P R O C E S S  ---------------

Java Threads: ( => current thread )
=>0x00007fe7140f3000 JavaThread "Thread-3" [_thread_in_vm, id=7987, stack(0x00007fe6fc895000,0x00007fe6fc996000)]
  0x00007fe7140d3000 JavaThread "Service Thread" daemon [_thread_blocked, id=7982, stack(0x00007fe6fcd9a000,0x00007fe6fce9b000)]
  0x00007fe7140cf000 JavaThread "C1 CompilerThread2" daemon [_thread_in_vm, id=7981, stack(0x00007fe6fce9b000,0x00007fe6fcf9c000)]
  0x00007fe7140cd000 JavaThread "C2 CompilerThread1" daemon [_thread_in_native, id=7980, stack(0x00007fe6fcf9c000,0x00007fe6fd09d000)]
  0x00007fe7140ca000 JavaThread "C2 CompilerThread0" daemon [_thread_in_native, id=7979, stack(0x00007fe6fd09d000,0x00007fe6fd19e000)]
  0x00007fe6d8001000 JavaThread "JDWP Command Reader" daemon [_thread_in_native, id=7977, stack(0x00007fe6fd19e000,0x00007fe6fd29f000)]
  0x00007fe7140c8000 JavaThread "JDWP Event Helper Thread" daemon [_thread_blocked, id=7976, stack(0x00007fe6fd29f000,0x00007fe6fd3a0000)]
  0x00007fe7140c4800 JavaThread "JDWP Transport Listener: dt_socket" daemon [_thread_blocked, id=7973, stack(0x00007fe6fd3a0000,0x00007fe6fd4a1000)]
  0x00007fe7140b8000 JavaThread "Signal Dispatcher" daemon [_thread_blocked, id=7972, stack(0x00007fe6fd6a5000,0x00007fe6fd7a6000)]
  0x00007fe714086000 JavaThread "Finalizer" daemon [_thread_blocked, id=7971, stack(0x00007fe6fd7a6000,0x00007fe6fd8a7000)]
  0x00007fe714081800 JavaThread "Reference Handler" daemon [_thread_blocked, id=7970, stack(0x00007fe6fd8a7000,0x00007fe6fd9a8000)]
  0x00007fe71400c000 JavaThread "main" [_thread_blocked, id=7963, stack(0x00007fe71c701000,0x00007fe71c802000)]

Other Threads:
  0x00007fe71407a000 VMThread [stack: 0x00007fe6fd9a8000,0x00007fe6fdaa9000] [id=7969]
  0x00007fe7140d5800 WatcherThread [stack: 0x00007fe6fcc99000,0x00007fe6fcd9a000] [id=7983]

VM state:not at safepoint (normal execution)

VM Mutex/Monitor currently owned by a thread:  ([mutex/lock_event])
[0x00007fe714007790] CodeCache_lock - owner thread: 0x00007fe7140cf000
[0x00007fe714008e10] Compile_lock - owner thread: 0x00007fe7140cf000
[0x00007fe714008f10] MethodCompileQueue_lock - owner thread: 0x00007fe7140cf000

Heap:
 PSYoungGen      total 202240K, used 74262K [0x00000000ebd00000, 0x00000000f8400000, 0x0000000100000000)
  eden space 200704K, 36% used [0x00000000ebd00000,0x00000000f05359b8,0x00000000f8100000)
  from space 1536K, 20% used [0x00000000f8280000,0x00000000f82d0000,0x00000000f8400000)
  to   space 1536K, 0% used [0x00000000f8100000,0x00000000f8100000,0x00000000f8280000)
 ParOldGen       total 42496K, used 1318K [0x00000000c3600000, 0x00000000c5f80000, 0x00000000ebd00000)
  object space 42496K, 3% used [0x00000000c3600000,0x00000000c3749838,0x00000000c5f80000)
 Metaspace       used 6672K, capacity 6946K, committed 7296K, reserved 1056768K
  class space    used 715K, capacity 796K, committed 896K, reserved 1048576K

Card table byte_map: [0x00007fe718ba7000,0x00007fe718d8d000] byte_map_base: 0x00007fe71858c000

Marking Bits: (ParMarkBitMap*) 0x00007fe71bbcfc80
 Begin Bits: [0x00007fe6fe1b0000, 0x00007fe6ff0d8000)
 End Bits:   [0x00007fe6ff0d8000, 0x00007fe700000000)

Polling page: 0x00007fe71c81f000

CodeCache: size=245760Kb used=3025Kb max_used=3025Kb free=242735Kb
 bounds [0x00007fe705000000, 0x00007fe705300000, 0x00007fe714000000]
 total_blobs=1011 nmethods=713 adapters=219
 compilation: enabled

Compilation events (10 events):
Event: 1,483 Thread 0x00007fe7140cf000  738       3       java.util.Vector::elements (9 bytes)
Event: 1,483 Thread 0x00007fe7140cf000 nmethod 738 0x00007fe7052ead50 code [0x00007fe7052eaec0, 0x00007fe7052eb130]
Event: 1,484 Thread 0x00007fe7140cf000  697       3       java.util.Vector$1::<init> (15 bytes)
Event: 1,484 Thread 0x00007fe7140cf000 nmethod 697 0x00007fe7052eb210 code [0x00007fe7052eb380, 0x00007fe7052eb550]
Event: 1,484 Thread 0x00007fe7140cf000  699       3       javax.crypto.Cipher::checkOpmode (21 bytes)
Event: 1,484 Thread 0x00007fe7140cf000 nmethod 699 0x00007fe7052eb610 code [0x00007fe7052eb7a0, 0x00007fe7052eb9c8]
Event: 1,484 Thread 0x00007fe7140cf000  705   !   3       com.sun.crypto.provider.CipherCore::doFinal (58 bytes)
Event: 1,485 Thread 0x00007fe7140cf000 nmethod 705 0x00007fe7052eba90 code [0x00007fe7052ebc60, 0x00007fe7052ec398]
Event: 1,485 Thread 0x00007fe7140cf000  724       3       javax.crypto.Cipher::getTransforms (233 bytes)
Event: 1,495 Thread 0x00007fe7140ca000 nmethod 635 0x00007fe7052ec710 code [0x00007fe7052eca20, 0x00007fe7052efce0]

GC Heap History (10 events):
Event: 0,725 GC heap before
{Heap before GC invocations=6 (full 0):
 PSYoungGen      total 34304K, used 32512K [0x00000000ebd00000, 0x00000000efd00000, 0x0000000100000000)
  eden space 31744K, 100% used [0x00000000ebd00000,0x00000000edc00000,0x00000000edc00000)
  from space 2560K, 30% used [0x00000000edc00000,0x00000000edcc0020,0x00000000ede80000)
  to   space 1024K, 0% used [0x00000000efc00000,0x00000000efc00000,0x00000000efd00000)
 ParOldGen       total 42496K, used 40K [0x00000000c3600000, 0x00000000c5f80000, 0x00000000ebd00000)
  object space 42496K, 0% used [0x00000000c3600000,0x00000000c360a000,0x00000000c5f80000)
 Metaspace       used 4490K, capacity 4746K, committed 4864K, reserved 1056768K
  class space    used 479K, capacity 494K, committed 512K, reserved 1048576K
Event: 0,731 GC heap after
Heap after GC invocations=6 (full 0):
 PSYoungGen      total 64000K, used 1014K [0x00000000ebd00000, 0x00000000efe00000, 0x0000000100000000)
  eden space 62976K, 0% used [0x00000000ebd00000,0x00000000ebd00000,0x00000000efa80000)
  from space 1024K, 99% used [0x00000000efc00000,0x00000000efcfd940,0x00000000efd00000)
  to   space 1536K, 0% used [0x00000000efa80000,0x00000000efa80000,0x00000000efc00000)
 ParOldGen       total 42496K, used 174K [0x00000000c3600000, 0x00000000c5f80000, 0x00000000ebd00000)
  object space 42496K, 0% used [0x00000000c3600000,0x00000000c362b9e8,0x00000000c5f80000)
 Metaspace       used 4490K, capacity 4746K, committed 4864K, reserved 1056768K
  class space    used 479K, capacity 494K, committed 512K, reserved 1048576K
}
Event: 0,839 GC heap before
{Heap before GC invocations=7 (full 0):
 PSYoungGen      total 64000K, used 63990K [0x00000000ebd00000, 0x00000000efe00000, 0x0000000100000000)
  eden space 62976K, 100% used [0x00000000ebd00000,0x00000000efa80000,0x00000000efa80000)
  from space 1024K, 99% used [0x00000000efc00000,0x00000000efcfd940,0x00000000efd00000)
  to   space 1536K, 0% used [0x00000000efa80000,0x00000000efa80000,0x00000000efc00000)
 ParOldGen       total 42496K, used 174K [0x00000000c3600000, 0x00000000c5f80000, 0x00000000ebd00000)
  object space 42496K, 0% used [0x00000000c3600000,0x00000000c362b9e8,0x00000000c5f80000)
 Metaspace       used 5074K, capacity 5204K, committed 5504K, reserved 1056768K
  class space    used 541K, capacity 560K, committed 640K, reserved 1048576K
Event: 0,846 GC heap after
Heap after GC invocations=7 (full 0):
 PSYoungGen      total 64512K, used 736K [0x00000000ebd00000, 0x00000000f3a00000, 0x0000000100000000)
  eden space 62976K, 0% used [0x00000000ebd00000,0x00000000ebd00000,0x00000000efa80000)
  from space 1536K, 47% used [0x00000000efa80000,0x00000000efb38000,0x00000000efc00000)
  to   space 1024K, 0% used [0x00000000f3900000,0x00000000f3900000,0x00000000f3a00000)
 ParOldGen       total 42496K, used 630K [0x00000000c3600000, 0x00000000c5f80000, 0x00000000ebd00000)
  object space 42496K, 1% used [0x00000000c3600000,0x00000000c369da18,0x00000000c5f80000)
 Metaspace       used 5074K, capacity 5204K, committed 5504K, reserved 1056768K
  class space    used 541K, capacity 560K, committed 640K, reserved 1048576K
}
Event: 0,930 GC heap before
{Heap before GC invocations=8 (full 0):
 PSYoungGen      total 64512K, used 63712K [0x00000000ebd00000, 0x00000000f3a00000, 0x0000000100000000)
  eden space 62976K, 100% used [0x00000000ebd00000,0x00000000efa80000,0x00000000efa80000)
  from space 1536K, 47% used [0x00000000efa80000,0x00000000efb38000,0x00000000efc00000)
  to   space 1024K, 0% used [0x00000000f3900000,0x00000000f3900000,0x00000000f3a00000)
 ParOldGen       total 42496K, used 630K [0x00000000c3600000, 0x00000000c5f80000, 0x00000000ebd00000)
  object space 42496K, 1% used [0x00000000c3600000,0x00000000c369da18,0x00000000c5f80000)
 Metaspace       used 5278K, capacity 5434K, committed 5504K, reserved 1056768K
  class space    used 568K, capacity 593K, committed 640K, reserved 1048576K
Event: 0,933 GC heap after
Heap after GC invocations=8 (full 0):
 PSYoungGen      total 126464K, used 917K [0x00000000ebd00000, 0x00000000f3b00000, 0x0000000100000000)
  eden space 125440K, 0% used [0x00000000ebd00000,0x00000000ebd00000,0x00000000f3780000)
  from space 1024K, 89% used [0x00000000f3900000,0x00000000f39e5570,0x00000000f3a00000)
  to   space 1536K, 0% used [0x00000000f3780000,0x00000000f3780000,0x00000000f3900000)
 ParOldGen       total 42496K, used 718K [0x00000000c3600000, 0x00000000c5f80000, 0x00000000ebd00000)
  object space 42496K, 1% used [0x00000000c3600000,0x00000000c36b3a18,0x00000000c5f80000)
 Metaspace       used 5278K, capacity 5434K, committed 5504K, reserved 1056768K
  class space    used 568K, capacity 593K, committed 640K, reserved 1048576K
}
Event: 1,138 GC heap before
{Heap before GC invocations=9 (full 0):
 PSYoungGen      total 126464K, used 126357K [0x00000000ebd00000, 0x00000000f3b00000, 0x0000000100000000)
  eden space 125440K, 100% used [0x00000000ebd00000,0x00000000f3780000,0x00000000f3780000)
  from space 1024K, 89% used [0x00000000f3900000,0x00000000f39e5570,0x00000000f3a00000)
  to   space 1536K, 0% used [0x00000000f3780000,0x00000000f3780000,0x00000000f3900000)
 ParOldGen       total 42496K, used 718K [0x00000000c3600000, 0x00000000c5f80000, 0x00000000ebd00000)
  object space 42496K, 1% used [0x00000000c3600000,0x00000000c36b3a18,0x00000000c5f80000)
 Metaspace       used 6351K, capacity 6576K, committed 6656K, reserved 1056768K
  class space    used 688K, capacity 761K, committed 768K, reserved 1048576K
Event: 1,142 GC heap after
Heap after GC invocations=9 (full 0):
 PSYoungGen      total 126976K, used 1366K [0x00000000ebd00000, 0x00000000f8400000, 0x0000000100000000)
  eden space 125440K, 0% used [0x00000000ebd00000,0x00000000ebd00000,0x00000000f3780000)
  from space 1536K, 88% used [0x00000000f3780000,0x00000000f38d5980,0x00000000f3900000)
  to   space 1536K, 0% used [0x00000000f8280000,0x00000000f8280000,0x00000000f8400000)
 ParOldGen       total 42496K, used 1046K [0x00000000c3600000, 0x00000000c5f80000, 0x00000000ebd00000)
  object space 42496K, 2% used [0x00000000c3600000,0x00000000c3705838,0x00000000c5f80000)
 Metaspace       used 6351K, capacity 6576K, committed 6656K, reserved 1056768K
  class space    used 688K, capacity 761K, committed 768K, reserved 1048576K
}
Event: 1,336 GC heap before
{Heap before GC invocations=10 (full 0):
 PSYoungGen      total 126976K, used 126806K [0x00000000ebd00000, 0x00000000f8400000, 0x0000000100000000)
  eden space 125440K, 100% used [0x00000000ebd00000,0x00000000f3780000,0x00000000f3780000)
  from space 1536K, 88% used [0x00000000f3780000,0x00000000f38d5980,0x00000000f3900000)
  to   space 1536K, 0% used [0x00000000f8280000,0x00000000f8280000,0x00000000f8400000)
 ParOldGen       total 42496K, used 1046K [0x00000000c3600000, 0x00000000c5f80000, 0x00000000ebd00000)
  object space 42496K, 2% used [0x00000000c3600000,0x00000000c3705838,0x00000000c5f80000)
 Metaspace       used 6533K, capacity 6786K, committed 6912K, reserved 1056768K
  class space    used 698K, capacity 764K, committed 768K, reserved 1048576K
Event: 1,339 GC heap after
Heap after GC invocations=10 (full 0):
 PSYoungGen      total 202240K, used 320K [0x00000000ebd00000, 0x00000000f8400000, 0x0000000100000000)
  eden space 200704K, 0% used [0x00000000ebd00000,0x00000000ebd00000,0x00000000f8100000)
  from space 1536K, 20% used [0x00000000f8280000,0x00000000f82d0000,0x00000000f8400000)
  to   space 1536K, 0% used [0x00000000f8100000,0x00000000f8100000,0x00000000f8280000)
 ParOldGen       total 42496K, used 1318K [0x00000000c3600000, 0x00000000c5f80000, 0x00000000ebd00000)
  object space 42496K, 3% used [0x00000000c3600000,0x00000000c3749838,0x00000000c5f80000)
 Metaspace       used 6533K, capacity 6786K, committed 6912K, reserved 1056768K
  class space    used 698K, capacity 764K, committed 768K, reserved 1048576K
}

Deoptimization events (6 events):
Event: 1,100 Thread 0x00007fe7140ea000 Uncommon trap: reason=unstable_if action=reinterpret pc=0x00007fe705178568 method=java.lang.CharacterDataLatin1.digit(II)I @ 82
Event: 1,104 Thread 0x00007fe7140ea000 Uncommon trap: reason=class_check action=maybe_recompile pc=0x00007fe7051bcac4 method=java.util.regex.Pattern$Curly.match(Ljava/util/regex/Matcher;ILjava/lang/CharSequence;)Z @ 19
Event: 1,105 Thread 0x00007fe7140ea000 Uncommon trap: reason=class_check action=maybe_recompile pc=0x00007fe7051bcac4 method=java.util.regex.Pattern$Curly.match(Ljava/util/regex/Matcher;ILjava/lang/CharSequence;)Z @ 19
Event: 1,105 Thread 0x00007fe7140ea000 Uncommon trap: reason=class_check action=maybe_recompile pc=0x00007fe7051bcac4 method=java.util.regex.Pattern$Curly.match(Ljava/util/regex/Matcher;ILjava/lang/CharSequence;)Z @ 19
Event: 1,165 Thread 0x00007fe7140ea000 Uncommon trap: reason=unstable_if action=reinterpret pc=0x00007fe70518975c method=sun.nio.cs.UTF_8$Decoder.decode([BII[C)I @ 30
Event: 1,467 Thread 0x00007fe71400c000 Uncommon trap: reason=unstable_if action=reinterpret pc=0x00007fe705140ef4 method=pkg3bforce.Main.main([Ljava/lang/String;)V @ 548

Internal exceptions (10 events):
Event: 1,165 Thread 0x00007fe7140ea000 Exception <a 'java/security/PrivilegedActionException'> (0x00000000ed2cddd0) thrown at [/HUDSON3/workspace/8-2-build-linux-amd64/jdk8u112/7884/hotspot/src/share/vm/prims/jvm.cpp, line 1390]
Event: 1,467 Thread 0x00007fe7140ea000 Exception <a 'java/lang/IllegalMonitorStateException'> (0x00000000ef8db918) thrown at [/HUDSON3/workspace/8-2-build-linux-amd64/jdk8u112/7884/hotspot/src/share/vm/runtime/objectMonitor.cpp, line 1471]
Event: 1,467 Thread 0x00007fe71400c000 Exception <a 'java/lang/IllegalMonitorStateException'> (0x00000000f0464580) thrown at [/HUDSON3/workspace/8-2-build-linux-amd64/jdk8u112/7884/hotspot/src/share/vm/runtime/objectMonitor.cpp, line 1471]
Event: 1,467 Thread 0x00007fe71400c000 Exception <a 'java/lang/IllegalMonitorStateException'> (0x00000000f0464788) thrown at [/HUDSON3/workspace/8-2-build-linux-amd64/jdk8u112/7884/hotspot/src/share/vm/runtime/objectMonitor.cpp, line 1471]
Event: 1,467 Thread 0x00007fe71400c000 Exception <a 'java/lang/IllegalMonitorStateException'> (0x00000000f0464990) thrown at [/HUDSON3/workspace/8-2-build-linux-amd64/jdk8u112/7884/hotspot/src/share/vm/runtime/objectMonitor.cpp, line 1471]
Event: 1,481 Thread 0x00007fe71400c000 JVM_StopThread thread JavaThread 0x0000000000000000 as oop 0x00000000c3635090 [exception 0x00007fe71c800830]
Event: 1,481 Thread 0x00007fe71400c000 JVM_StopThread thread JavaThread 0x00007fe7140ef800 as oop 0x00000000c3634ea8 [exception 0x00007fe71c800830]
Event: 1,483 Thread 0x00007fe71400c000 JVM_StopThread thread JavaThread 0x00007fe7140f1800 as oop 0x00000000c3634d30 [exception 0x00007fe71c800830]
Event: 1,491 Thread 0x00007fe71400c000 JVM_StopThread thread JavaThread 0x00007fe7140f3000 as oop 0x00000000c3635360 [exception 0x00007fe71c800830]
Event: 1,499 Thread 0x00007fe7140f3000 Exception <a 'java/lang/ThreadDeath'> (0x00000000f04651d0) thrown at [/HUDSON3/workspace/8-2-build-linux-amd64/jdk8u112/7884/hotspot/src/share/vm/prims/jni.cpp, line 709]

Events (10 events):
Event: 1,495 Executing VM operation: ThreadStop
Event: 1,495 loading class sun/util/locale/provider/ResourceBundleBasedAdapter
Event: 1,495 Thread 0x00007fe7140f3000 DEOPT PACKING pc=0x00007fe7052e162c sp=0x00007fe6fc994350
Event: 1,495 Thread 0x00007fe7140f3000 DEOPT UNPACKING pc=0x00007fe705047633 sp=0x00007fe6fc9940f8 mode 1
Event: 1,499 Executing VM operation: ThreadStop done
Event: 1,499 loading class sun/util/locale/provider/ResourceBundleBasedAdapter done
Event: 1,499 Thread 0x00007fe7140ef800 DEOPT PACKING pc=0x00007fe70529275c sp=0x00007fe6fcb965e0
Event: 1,499 Thread 0x00007fe7140ef800 DEOPT UNPACKING pc=0x00007fe705047633 sp=0x00007fe6fcb96368 mode 1
Event: 1,499 Thread 0x00007fe7140ef800 DEOPT PACKING pc=0x00007fe7052d04ec sp=0x00007fe6fcb96720
Event: 1,499 Thread 0x00007fe7140ef800 DEOPT UNPACKING pc=0x00007fe705047633 sp=0x00007fe6fcb964f8 mode 1


Dynamic libraries:
00400000-00401000 r-xp 00000000 08:05 6045180                            /usr/lib/jvm/jdk/bin/java
00600000-00601000 rw-p 00000000 08:05 6045180                            /usr/lib/jvm/jdk/bin/java
01dda000-01dfb000 rw-p 00000000 00:00 0                                  [heap]
c3600000-c5f80000 rw-p 00000000 00:00 0 
c5f80000-ebd00000 ---p 00000000 00:00 0 
ebd00000-f8400000 rw-p 00000000 00:00 0 
f8400000-100000000 ---p 00000000 00:00 0 
100000000-1000e0000 rw-p 00000000 00:00 0 
1000e0000-140000000 ---p 00000000 00:00 0 
7fe6afcff000-7fe6b0000000 rw-p 00000000 00:00 0 
7fe6b0000000-7fe6b00d4000 rw-p 00000000 00:00 0 
7fe6b00d4000-7fe6b4000000 ---p 00000000 00:00 0 
7fe6b4000000-7fe6b4443000 rw-p 00000000 00:00 0 
7fe6b4443000-7fe6b8000000 ---p 00000000 00:00 0 
7fe6b8000000-7fe6b810f000 rw-p 00000000 00:00 0 
7fe6b810f000-7fe6bc000000 ---p 00000000 00:00 0 
7fe6bc000000-7fe6bc077000 rw-p 00000000 00:00 0 
7fe6bc077000-7fe6c0000000 ---p 00000000 00:00 0 
7fe6c0000000-7fe6c0021000 rw-p 00000000 00:00 0 
7fe6c0021000-7fe6c4000000 ---p 00000000 00:00 0 
7fe6c4000000-7fe6c4021000 rw-p 00000000 00:00 0 
7fe6c4021000-7fe6c8000000 ---p 00000000 00:00 0 
7fe6c8000000-7fe6c82a1000 rw-p 00000000 00:00 0 
7fe6c82a1000-7fe6cc000000 ---p 00000000 00:00 0 
7fe6cc000000-7fe6cc34d000 rw-p 00000000 00:00 0 
7fe6cc34d000-7fe6d0000000 ---p 00000000 00:00 0 
7fe6d0000000-7fe6d0021000 rw-p 00000000 00:00 0 
7fe6d0021000-7fe6d4000000 ---p 00000000 00:00 0 
7fe6d4000000-7fe6d4315000 rw-p 00000000 00:00 0 
7fe6d4315000-7fe6d8000000 ---p 00000000 00:00 0 
7fe6d8000000-7fe6d8021000 rw-p 00000000 00:00 0 
7fe6d8021000-7fe6dc000000 ---p 00000000 00:00 0 
7fe6dc000000-7fe6dc021000 rw-p 00000000 00:00 0 
7fe6dc021000-7fe6e0000000 ---p 00000000 00:00 0 
7fe6e0000000-7fe6e0021000 rw-p 00000000 00:00 0 
7fe6e0021000-7fe6e4000000 ---p 00000000 00:00 0 
7fe6e4000000-7fe6e4021000 rw-p 00000000 00:00 0 
7fe6e4021000-7fe6e8000000 ---p 00000000 00:00 0 
7fe6e8000000-7fe6e8021000 rw-p 00000000 00:00 0 
7fe6e8021000-7fe6ec000000 ---p 00000000 00:00 0 
7fe6ec000000-7fe6ec021000 rw-p 00000000 00:00 0 
7fe6ec021000-7fe6f0000000 ---p 00000000 00:00 0 
7fe6f0000000-7fe6f0021000 rw-p 00000000 00:00 0 
7fe6f0021000-7fe6f4000000 ---p 00000000 00:00 0 
7fe6f4000000-7fe6f4021000 rw-p 00000000 00:00 0 
7fe6f4021000-7fe6f8000000 ---p 00000000 00:00 0 
7fe6f8000000-7fe6f8021000 rw-p 00000000 00:00 0 
7fe6f8021000-7fe6fc000000 ---p 00000000 00:00 0 
7fe6fc010000-7fe6fc021000 r-xp 00000000 08:05 6045289                    /usr/lib/jvm/jdk/jre/lib/amd64/libnio.so
7fe6fc021000-7fe6fc220000 ---p 00011000 08:05 6045289                    /usr/lib/jvm/jdk/jre/lib/amd64/libnio.so
7fe6fc220000-7fe6fc221000 rw-p 00010000 08:05 6045289                    /usr/lib/jvm/jdk/jre/lib/amd64/libnio.so
7fe6fc221000-7fe6fc237000 r-xp 00000000 08:05 6045264                    /usr/lib/jvm/jdk/jre/lib/amd64/libnet.so
7fe6fc237000-7fe6fc437000 ---p 00016000 08:05 6045264                    /usr/lib/jvm/jdk/jre/lib/amd64/libnet.so
7fe6fc437000-7fe6fc438000 rw-p 00016000 08:05 6045264                    /usr/lib/jvm/jdk/jre/lib/amd64/libnet.so
7fe6fc438000-7fe6fc44e000 r-xp 00000000 08:05 2494998                    /lib/x86_64-linux-gnu/libgcc_s.so.1
7fe6fc44e000-7fe6fc64d000 ---p 00016000 08:05 2494998                    /lib/x86_64-linux-gnu/libgcc_s.so.1
7fe6fc64d000-7fe6fc64e000 rw-p 00015000 08:05 2494998                    /lib/x86_64-linux-gnu/libgcc_s.so.1
7fe6fc64e000-7fe6fc680000 r-xp 00000000 08:05 6045272                    /usr/lib/jvm/jdk/jre/lib/amd64/libsunec.so
7fe6fc680000-7fe6fc87f000 ---p 00032000 08:05 6045272                    /usr/lib/jvm/jdk/jre/lib/amd64/libsunec.so
7fe6fc87f000-7fe6fc885000 rw-p 00031000 08:05 6045272                    /usr/lib/jvm/jdk/jre/lib/amd64/libsunec.so
7fe6fc885000-7fe6fc895000 rw-p 00000000 00:00 0 
7fe6fc895000-7fe6fc898000 ---p 00000000 00:00 0 
7fe6fc898000-7fe6fc996000 rw-p 00000000 00:00 0 
7fe6fc996000-7fe6fc999000 ---p 00000000 00:00 0 
7fe6fc999000-7fe6fca97000 rw-p 00000000 00:00 0 
7fe6fca97000-7fe6fca9a000 ---p 00000000 00:00 0 
7fe6fca9a000-7fe6fcb98000 rw-p 00000000 00:00 0 
7fe6fcb98000-7fe6fcb9b000 ---p 00000000 00:00 0 
7fe6fcb9b000-7fe6fcc99000 rw-p 00000000 00:00 0 
7fe6fcc99000-7fe6fcc9a000 ---p 00000000 00:00 0 
7fe6fcc9a000-7fe6fcd9a000 rw-p 00000000 00:00 0 
7fe6fcd9a000-7fe6fcd9d000 ---p 00000000 00:00 0 
7fe6fcd9d000-7fe6fce9b000 rw-p 00000000 00:00 0 
7fe6fce9b000-7fe6fce9e000 ---p 00000000 00:00 0 
7fe6fce9e000-7fe6fcf9c000 rw-p 00000000 00:00 0 
7fe6fcf9c000-7fe6fcf9f000 ---p 00000000 00:00 0 
7fe6fcf9f000-7fe6fd09d000 rw-p 00000000 00:00 0 
7fe6fd09d000-7fe6fd0a0000 ---p 00000000 00:00 0 
7fe6fd0a0000-7fe6fd19e000 rw-p 00000000 00:00 0 
7fe6fd19e000-7fe6fd1a1000 ---p 00000000 00:00 0 
7fe6fd1a1000-7fe6fd29f000 rw-p 00000000 00:00 0 
7fe6fd29f000-7fe6fd2a2000 ---p 00000000 00:00 0 
7fe6fd2a2000-7fe6fd3a0000 rw-p 00000000 00:00 0 
7fe6fd3a0000-7fe6fd3a3000 ---p 00000000 00:00 0 
7fe6fd3a3000-7fe6fd4a1000 rw-p 00000000 00:00 0 
7fe6fd4a1000-7fe6fd4a5000 r-xp 00000000 08:05 6045305                    /usr/lib/jvm/jdk/jre/lib/amd64/libdt_socket.so
7fe6fd4a5000-7fe6fd6a4000 ---p 00004000 08:05 6045305                    /usr/lib/jvm/jdk/jre/lib/amd64/libdt_socket.so
7fe6fd6a4000-7fe6fd6a5000 rw-p 00003000 08:05 6045305                    /usr/lib/jvm/jdk/jre/lib/amd64/libdt_socket.so
7fe6fd6a5000-7fe6fd6a8000 ---p 00000000 00:00 0 
7fe6fd6a8000-7fe6fd7a6000 rw-p 00000000 00:00 0 
7fe6fd7a6000-7fe6fd7a9000 ---p 00000000 00:00 0 
7fe6fd7a9000-7fe6fd8a7000 rw-p 00000000 00:00 0 
7fe6fd8a7000-7fe6fd8aa000 ---p 00000000 00:00 0 
7fe6fd8aa000-7fe6fd9a8000 rw-p 00000000 00:00 0 
7fe6fd9a8000-7fe6fd9a9000 ---p 00000000 00:00 0 
7fe6fd9a9000-7fe700000000 rw-p 00000000 00:00 0 
7fe700000000-7fe700021000 rw-p 00000000 00:00 0 
7fe700021000-7fe704000000 ---p 00000000 00:00 0 
7fe7040f9000-7fe704e40000 rw-p 00000000 00:00 0 
7fe704e40000-7fe705000000 ---p 00000000 00:00 0 
7fe705000000-7fe705300000 rwxp 00000000 00:00 0 
7fe705300000-7fe714000000 ---p 00000000 00:00 0 
7fe714000000-7fe714125000 rw-p 00000000 00:00 0 
7fe714125000-7fe718000000 ---p 00000000 00:00 0 
7fe718050000-7fe718057000 r--s 00000000 08:05 6296229                    /usr/lib/x86_64-linux-gnu/gconv/gconv-modules.cache
7fe718057000-7fe718078000 r--p 00000000 08:05 6950475                    /usr/share/locale-langpack/pt_BR/LC_MESSAGES/libc.mo
7fe718078000-7fe71822b000 rw-p 00000000 00:00 0 
7fe71822b000-7fe718404000 r--s 03d2c000 08:05 6045256                    /usr/lib/jvm/jdk/jre/lib/rt.jar
7fe718404000-7fe71865f000 rw-p 00000000 00:00 0 
7fe71865f000-7fe718660000 ---p 00000000 00:00 0 
7fe718660000-7fe718760000 rw-p 00000000 00:00 0 
7fe718760000-7fe718761000 ---p 00000000 00:00 0 
7fe718761000-7fe718861000 rw-p 00000000 00:00 0 
7fe718861000-7fe718862000 ---p 00000000 00:00 0 
7fe718862000-7fe718962000 rw-p 00000000 00:00 0 
7fe718962000-7fe718963000 ---p 00000000 00:00 0 
7fe718963000-7fe718a78000 rw-p 00000000 00:00 0 
7fe718a78000-7fe718ba7000 ---p 00000000 00:00 0 
7fe718ba7000-7fe718bbc000 rw-p 00000000 00:00 0 
7fe718bbc000-7fe718cea000 ---p 00000000 00:00 0 
7fe718cea000-7fe718d4e000 rw-p 00000000 00:00 0 
7fe718d4e000-7fe718d8c000 ---p 00000000 00:00 0 
7fe718d8c000-7fe718d99000 rw-p 00000000 00:00 0 
7fe718d99000-7fe71914d000 ---p 00000000 00:00 0 
7fe71914d000-7fe719167000 r-xp 00000000 08:05 6045287                    /usr/lib/jvm/jdk/jre/lib/amd64/libzip.so
7fe719167000-7fe719367000 ---p 0001a000 08:05 6045287                    /usr/lib/jvm/jdk/jre/lib/amd64/libzip.so
7fe719367000-7fe719368000 rw-p 0001a000 08:05 6045287                    /usr/lib/jvm/jdk/jre/lib/amd64/libzip.so
7fe719368000-7fe719373000 r-xp 00000000 08:05 2490551                    /lib/x86_64-linux-gnu/libnss_files-2.23.so
7fe719373000-7fe719572000 ---p 0000b000 08:05 2490551                    /lib/x86_64-linux-gnu/libnss_files-2.23.so
7fe719572000-7fe719573000 r--p 0000a000 08:05 2490551                    /lib/x86_64-linux-gnu/libnss_files-2.23.so
7fe719573000-7fe719574000 rw-p 0000b000 08:05 2490551                    /lib/x86_64-linux-gnu/libnss_files-2.23.so
7fe719574000-7fe71957a000 rw-p 00000000 00:00 0 
7fe71957a000-7fe719585000 r-xp 00000000 08:05 2490548                    /lib/x86_64-linux-gnu/libnss_nis-2.23.so
7fe719585000-7fe719784000 ---p 0000b000 08:05 2490548                    /lib/x86_64-linux-gnu/libnss_nis-2.23.so
7fe719784000-7fe719785000 r--p 0000a000 08:05 2490548                    /lib/x86_64-linux-gnu/libnss_nis-2.23.so
7fe719785000-7fe719786000 rw-p 0000b000 08:05 2490548                    /lib/x86_64-linux-gnu/libnss_nis-2.23.so
7fe719786000-7fe71979c000 r-xp 00000000 08:05 2490545                    /lib/x86_64-linux-gnu/libnsl-2.23.so
7fe71979c000-7fe71999b000 ---p 00016000 08:05 2490545                    /lib/x86_64-linux-gnu/libnsl-2.23.so
7fe71999b000-7fe71999c000 r--p 00015000 08:05 2490545                    /lib/x86_64-linux-gnu/libnsl-2.23.so
7fe71999c000-7fe71999d000 rw-p 00016000 08:05 2490545                    /lib/x86_64-linux-gnu/libnsl-2.23.so
7fe71999d000-7fe71999f000 rw-p 00000000 00:00 0 
7fe71999f000-7fe7199a7000 r-xp 00000000 08:05 2490541                    /lib/x86_64-linux-gnu/libnss_compat-2.23.so
7fe7199a7000-7fe719ba6000 ---p 00008000 08:05 2490541                    /lib/x86_64-linux-gnu/libnss_compat-2.23.so
7fe719ba6000-7fe719ba7000 r--p 00007000 08:05 2490541                    /lib/x86_64-linux-gnu/libnss_compat-2.23.so
7fe719ba7000-7fe719ba8000 rw-p 00008000 08:05 2490541                    /lib/x86_64-linux-gnu/libnss_compat-2.23.so
7fe719ba8000-7fe719e82000 r--p 00000000 08:05 6030737                    /usr/lib/locale/locale-archive
7fe719e82000-7fe719e84000 r-xp 00000000 08:05 6045295                    /usr/lib/jvm/jdk/jre/lib/amd64/libnpt.so
7fe719e84000-7fe71a084000 ---p 00002000 08:05 6045295                    /usr/lib/jvm/jdk/jre/lib/amd64/libnpt.so
7fe71a084000-7fe71a085000 rw-p 00002000 08:05 6045295                    /usr/lib/jvm/jdk/jre/lib/amd64/libnpt.so
7fe71a085000-7fe71a0be000 r-xp 00000000 08:05 6045261                    /usr/lib/jvm/jdk/jre/lib/amd64/libjdwp.so
7fe71a0be000-7fe71a2be000 ---p 00039000 08:05 6045261                    /usr/lib/jvm/jdk/jre/lib/amd64/libjdwp.so
7fe71a2be000-7fe71a2bf000 rw-p 00039000 08:05 6045261                    /usr/lib/jvm/jdk/jre/lib/amd64/libjdwp.so
7fe71a2bf000-7fe71a2c0000 rw-p 00000000 00:00 0 
7fe71a2c0000-7fe71a2eb000 r-xp 00000000 08:05 6045314                    /usr/lib/jvm/jdk/jre/lib/amd64/libjava.so
7fe71a2eb000-7fe71a4ea000 ---p 0002b000 08:05 6045314                    /usr/lib/jvm/jdk/jre/lib/amd64/libjava.so
7fe71a4ea000-7fe71a4ec000 rw-p 0002a000 08:05 6045314                    /usr/lib/jvm/jdk/jre/lib/amd64/libjava.so
7fe71a4ec000-7fe71a4f9000 r-xp 00000000 08:05 6045265                    /usr/lib/jvm/jdk/jre/lib/amd64/libverify.so
7fe71a4f9000-7fe71a6f8000 ---p 0000d000 08:05 6045265                    /usr/lib/jvm/jdk/jre/lib/amd64/libverify.so
7fe71a6f8000-7fe71a6fa000 rw-p 0000c000 08:05 6045265                    /usr/lib/jvm/jdk/jre/lib/amd64/libverify.so
7fe71a6fa000-7fe71a701000 r-xp 00000000 08:05 2490566                    /lib/x86_64-linux-gnu/librt-2.23.so
7fe71a701000-7fe71a900000 ---p 00007000 08:05 2490566                    /lib/x86_64-linux-gnu/librt-2.23.so
7fe71a900000-7fe71a901000 r--p 00006000 08:05 2490566                    /lib/x86_64-linux-gnu/librt-2.23.so
7fe71a901000-7fe71a902000 rw-p 00007000 08:05 2490566                    /lib/x86_64-linux-gnu/librt-2.23.so
7fe71a902000-7fe71aa0a000 r-xp 00000000 08:05 2490563                    /lib/x86_64-linux-gnu/libm-2.23.so
7fe71aa0a000-7fe71ac09000 ---p 00108000 08:05 2490563                    /lib/x86_64-linux-gnu/libm-2.23.so
7fe71ac09000-7fe71ac0a000 r--p 00107000 08:05 2490563                    /lib/x86_64-linux-gnu/libm-2.23.so
7fe71ac0a000-7fe71ac0b000 rw-p 00108000 08:05 2490563                    /lib/x86_64-linux-gnu/libm-2.23.so
7fe71ac0b000-7fe71b8d9000 r-xp 00000000 08:05 6045318                    /usr/lib/jvm/jdk/jre/lib/amd64/server/libjvm.so
7fe71b8d9000-7fe71bad9000 ---p 00cce000 08:05 6045318                    /usr/lib/jvm/jdk/jre/lib/amd64/server/libjvm.so
7fe71bad9000-7fe71bbb2000 rw-p 00cce000 08:05 6045318                    /usr/lib/jvm/jdk/jre/lib/amd64/server/libjvm.so
7fe71bbb2000-7fe71bbfd000 rw-p 00000000 00:00 0 
7fe71bbfd000-7fe71bdbc000 r-xp 00000000 08:05 2490571                    /lib/x86_64-linux-gnu/libc-2.23.so
7fe71bdbc000-7fe71bfbc000 ---p 001bf000 08:05 2490571                    /lib/x86_64-linux-gnu/libc-2.23.so
7fe71bfbc000-7fe71bfc0000 r--p 001bf000 08:05 2490571                    /lib/x86_64-linux-gnu/libc-2.23.so
7fe71bfc0000-7fe71bfc2000 rw-p 001c3000 08:05 2490571                    /lib/x86_64-linux-gnu/libc-2.23.so
7fe71bfc2000-7fe71bfc6000 rw-p 00000000 00:00 0 
7fe71bfc6000-7fe71bfc9000 r-xp 00000000 08:05 2490572                    /lib/x86_64-linux-gnu/libdl-2.23.so
7fe71bfc9000-7fe71c1c8000 ---p 00003000 08:05 2490572                    /lib/x86_64-linux-gnu/libdl-2.23.so
7fe71c1c8000-7fe71c1c9000 r--p 00002000 08:05 2490572                    /lib/x86_64-linux-gnu/libdl-2.23.so
7fe71c1c9000-7fe71c1ca000 rw-p 00003000 08:05 2490572                    /lib/x86_64-linux-gnu/libdl-2.23.so
7fe71c1ca000-7fe71c1df000 r-xp 00000000 08:05 6044399                    /usr/lib/jvm/jdk/lib/amd64/jli/libjli.so
7fe71c1df000-7fe71c3df000 ---p 00015000 08:05 6044399                    /usr/lib/jvm/jdk/lib/amd64/jli/libjli.so
7fe71c3df000-7fe71c3e0000 rw-p 00015000 08:05 6044399                    /usr/lib/jvm/jdk/lib/amd64/jli/libjli.so
7fe71c3e0000-7fe71c3f8000 r-xp 00000000 08:05 2490570                    /lib/x86_64-linux-gnu/libpthread-2.23.so
7fe71c3f8000-7fe71c5f7000 ---p 00018000 08:05 2490570                    /lib/x86_64-linux-gnu/libpthread-2.23.so
7fe71c5f7000-7fe71c5f8000 r--p 00017000 08:05 2490570                    /lib/x86_64-linux-gnu/libpthread-2.23.so
7fe71c5f8000-7fe71c5f9000 rw-p 00018000 08:05 2490570                    /lib/x86_64-linux-gnu/libpthread-2.23.so
7fe71c5f9000-7fe71c5fd000 rw-p 00000000 00:00 0 
7fe71c5fd000-7fe71c623000 r-xp 00000000 08:05 2490567                    /lib/x86_64-linux-gnu/ld-2.23.so
7fe71c629000-7fe71c701000 rw-p 00000000 00:00 0 
7fe71c701000-7fe71c704000 ---p 00000000 00:00 0 
7fe71c704000-7fe71c806000 rw-p 00000000 00:00 0 
7fe71c806000-7fe71c80c000 r--s 0003f000 08:05 6045342                    /usr/lib/jvm/jdk/jre/lib/ext/sunjce_provider.jar
7fe71c80c000-7fe71c80e000 r--s 00009000 08:05 6045341                    /usr/lib/jvm/jdk/jre/lib/ext/sunec.jar
7fe71c80e000-7fe71c813000 r--s 00098000 08:05 6045208                    /usr/lib/jvm/jdk/jre/lib/jsse.jar
7fe71c813000-7fe71c816000 r--s 0001a000 08:05 6045458                    /usr/lib/jvm/jdk/jre/lib/jce.jar
7fe71c816000-7fe71c81e000 rw-s 00000000 08:05 6817946                    /tmp/hsperfdata_vanderson/7960
7fe71c81e000-7fe71c81f000 rw-p 00000000 00:00 0 
7fe71c81f000-7fe71c820000 r--p 00000000 00:00 0 
7fe71c820000-7fe71c822000 rw-p 00000000 00:00 0 
7fe71c822000-7fe71c823000 r--p 00025000 08:05 2490567                    /lib/x86_64-linux-gnu/ld-2.23.so
7fe71c823000-7fe71c824000 rw-p 00026000 08:05 2490567                    /lib/x86_64-linux-gnu/ld-2.23.so
7fe71c824000-7fe71c825000 rw-p 00000000 00:00 0 
7ffcd81f2000-7ffcd8213000 rw-p 00000000 00:00 0                          [stack]
7ffcd83c0000-7ffcd83c2000 r--p 00000000 00:00 0                          [vvar]
7ffcd83c2000-7ffcd83c4000 r-xp 00000000 00:00 0                          [vdso]
ffffffffff600000-ffffffffff601000 r-xp 00000000 00:00 0                  [vsyscall]

VM Arguments:
jvm_args: -Xdebug -Xrunjdwp:transport=dt_socket,address=localhost:36134 -Dfile.encoding=UTF-8 
java_command: pkg3bforce.Main
java_class_path (initial): /home/vanderson/NetBeansProjects/3bforce/build/classes
Launcher Type: SUN_STANDARD

Environment Variables:
JAVA_HOME=/usr/lib/jvm/java-oracle/
CLASSPATH=.:/usr/lib/jvm/java-oracle//lib/tools.jar
PATH=/home/vanderson/bin:/home/vanderson/.local/bin:/usr/local/sbin:/usr/local/bin:/usr/sbin:/usr/bin:/sbin:/bin:/usr/games:/usr/local/games:/usr/lib/jvm/java-oracle//bin:/snap/bin
LD_LIBRARY_PATH=/usr/lib/jvm/jdk/jre/lib/amd64:/usr/lib/jvm/jdk/jre/lib/i386:
SHELL=/bin/bash
DISPLAY=:0

Signal Handlers:
SIGSEGV: [libjvm.so+0xac7800], sa_mask[0]=11111111011111111101111111111110, sa_flags=SA_RESTART|SA_SIGINFO
SIGBUS: [libjvm.so+0xac7800], sa_mask[0]=11111111011111111101111111111110, sa_flags=SA_RESTART|SA_SIGINFO
SIGFPE: [libjvm.so+0x920990], sa_mask[0]=11111111011111111101111111111110, sa_flags=SA_RESTART|SA_SIGINFO
SIGPIPE: [libjvm.so+0x920990], sa_mask[0]=11111111011111111101111111111110, sa_flags=SA_RESTART|SA_SIGINFO
SIGXFSZ: [libjvm.so+0x920990], sa_mask[0]=11111111011111111101111111111110, sa_flags=SA_RESTART|SA_SIGINFO
SIGILL: [libjvm.so+0x920990], sa_mask[0]=11111111011111111101111111111110, sa_flags=SA_RESTART|SA_SIGINFO
SIGUSR1: SIG_DFL, sa_mask[0]=00000000000000000000000000000000, sa_flags=none
SIGUSR2: [libjvm.so+0x9221d0], sa_mask[0]=00100000000000000000000000000000, sa_flags=SA_RESTART|SA_SIGINFO
SIGHUP: [libjvm.so+0x9235d0], sa_mask[0]=11111111011111111101111111111110, sa_flags=SA_RESTART|SA_SIGINFO
SIGINT: SIG_IGN, sa_mask[0]=00000000000000000000000000000000, sa_flags=none
SIGTERM: [libjvm.so+0x9235d0], sa_mask[0]=11111111011111111101111111111110, sa_flags=SA_RESTART|SA_SIGINFO
SIGQUIT: [libjvm.so+0x9235d0], sa_mask[0]=11111111011111111101111111111110, sa_flags=SA_RESTART|SA_SIGINFO


---------------  S Y S T E M  ---------------

OS:DISTRIB_ID=Ubuntu
DISTRIB_RELEASE=16.04
DISTRIB_CODENAME=xenial
DISTRIB_DESCRIPTION="Ubuntu 16.04.1 LTS"

uname:Linux 4.4.0-45-generic #66-Ubuntu SMP Wed Oct 19 14:12:37 UTC 2016 x86_64
libc:glibc 2.23 NPTL 2.23 
rlimit: STACK 8192k, CORE 0k, NPROC 15104, NOFILE 65536, AS infinity
load average:3,19 2,47 2,16

/proc/meminfo:
MemTotal:        3965376 kB
MemFree:          801960 kB
MemAvailable:     842688 kB
Buffers:           31552 kB
Cached:           363012 kB
SwapCached:         8600 kB
Active:          2097500 kB
Inactive:         888360 kB
Active(anon):    1961108 kB
Inactive(anon):   804388 kB
Active(file):     136392 kB
Inactive(file):    83972 kB
Unevictable:          64 kB
Mlocked:              64 kB
SwapTotal:       4113404 kB
SwapFree:        3753612 kB
Dirty:               252 kB
Writeback:             0 kB
AnonPages:       2584460 kB
Mapped:           185272 kB
Shmem:            174128 kB
Slab:              92920 kB
SReclaimable:      54624 kB
SUnreclaim:        38296 kB
KernelStack:        9888 kB
PageTables:        35036 kB
NFS_Unstable:          0 kB
Bounce:                0 kB
WritebackTmp:          0 kB
CommitLimit:     6096092 kB
Committed_AS:    6926480 kB
VmallocTotal:   34359738367 kB
VmallocUsed:           0 kB
VmallocChunk:          0 kB
HardwareCorrupted:     0 kB
AnonHugePages:   1804288 kB
CmaTotal:              0 kB
CmaFree:               0 kB
HugePages_Total:       0
HugePages_Free:        0
HugePages_Rsvd:        0
HugePages_Surp:        0
Hugepagesize:       2048 kB
DirectMap4k:       89536 kB
DirectMap2M:     4024320 kB
DirectMap1G:     1048576 kB


CPU:total 4 (2 cores per cpu, 2 threads per core) family 6 model 69 stepping 1, cmov, cx8, fxsr, mmx, sse, sse2, sse3, ssse3, sse4.1, sse4.2, popcnt, avx, avx2, aes, clmul, erms, lzcnt, ht, tsc, tscinvbit, bmi1, bmi2

/proc/cpuinfo:
processor	: 0
vendor_id	: GenuineIntel
cpu family	: 6
model		: 69
model name	: Intel(R) Core(TM) i3-4005U CPU @ 1.70GHz
stepping	: 1
microcode	: 0x1d
cpu MHz		: 1599.992
cache size	: 3072 KB
physical id	: 0
siblings	: 4
core id		: 0
cpu cores	: 2
apicid		: 0
initial apicid	: 0
fpu		: yes
fpu_exception	: yes
cpuid level	: 13
wp		: yes
flags		: fpu vme de pse tsc msr pae mce cx8 apic sep mtrr pge mca cmov pat pse36 clflush dts acpi mmx fxsr sse sse2 ss ht tm pbe syscall nx pdpe1gb rdtscp lm constant_tsc arch_perfmon pebs bts rep_good nopl xtopology nonstop_tsc aperfmperf eagerfpu pni pclmulqdq dtes64 monitor ds_cpl vmx est tm2 ssse3 sdbg fma cx16 xtpr pdcm pcid sse4_1 sse4_2 movbe popcnt tsc_deadline_timer aes xsave avx f16c rdrand lahf_lm abm epb tpr_shadow vnmi flexpriority ept vpid fsgsbase tsc_adjust bmi1 avx2 smep bmi2 erms invpcid xsaveopt dtherm arat pln pts
bugs		:
bogomips	: 3392.31
clflush size	: 64
cache_alignment	: 64
address sizes	: 39 bits physical, 48 bits virtual
power management:

processor	: 1
vendor_id	: GenuineIntel
cpu family	: 6
model		: 69
model name	: Intel(R) Core(TM) i3-4005U CPU @ 1.70GHz
stepping	: 1
microcode	: 0x1d
cpu MHz		: 1599.992
cache size	: 3072 KB
physical id	: 0
siblings	: 4
core id		: 0
cpu cores	: 2
apicid		: 1
initial apicid	: 1
fpu		: yes
fpu_exception	: yes
cpuid level	: 13
wp		: yes
flags		: fpu vme de pse tsc msr pae mce cx8 apic sep mtrr pge mca cmov pat pse36 clflush dts acpi mmx fxsr sse sse2 ss ht tm pbe syscall nx pdpe1gb rdtscp lm constant_tsc arch_perfmon pebs bts rep_good nopl xtopology nonstop_tsc aperfmperf eagerfpu pni pclmulqdq dtes64 monitor ds_cpl vmx est tm2 ssse3 sdbg fma cx16 xtpr pdcm pcid sse4_1 sse4_2 movbe popcnt tsc_deadline_timer aes xsave avx f16c rdrand lahf_lm abm epb tpr_shadow vnmi flexpriority ept vpid fsgsbase tsc_adjust bmi1 avx2 smep bmi2 erms invpcid xsaveopt dtherm arat pln pts
bugs		:
bogomips	: 3392.31
clflush size	: 64
cache_alignment	: 64
address sizes	: 39 bits physical, 48 bits virtual
power management:

processor	: 2
vendor_id	: GenuineIntel
cpu family	: 6
model		: 69
model name	: Intel(R) Core(TM) i3-4005U CPU @ 1.70GHz
stepping	: 1
microcode	: 0x1d
cpu MHz		: 1599.992
cache size	: 3072 KB
physical id	: 0
siblings	: 4
core id		: 1
cpu cores	: 2
apicid		: 2
initial apicid	: 2
fpu		: yes
fpu_exception	: yes
cpuid level	: 13
wp		: yes
flags		: fpu vme de pse tsc msr pae mce cx8 apic sep mtrr pge mca cmov pat pse36 clflush dts acpi mmx fxsr sse sse2 ss ht tm pbe syscall nx pdpe1gb rdtscp lm constant_tsc arch_perfmon pebs bts rep_good nopl xtopology nonstop_tsc aperfmperf eagerfpu pni pclmulqdq dtes64 monitor ds_cpl vmx est tm2 ssse3 sdbg fma cx16 xtpr pdcm pcid sse4_1 sse4_2 movbe popcnt tsc_deadline_timer aes xsave avx f16c rdrand lahf_lm abm epb tpr_shadow vnmi flexpriority ept vpid fsgsbase tsc_adjust bmi1 avx2 smep bmi2 erms invpcid xsaveopt dtherm arat pln pts
bugs		:
bogomips	: 3392.31
clflush size	: 64
cache_alignment	: 64
address sizes	: 39 bits physical, 48 bits virtual
power management:

processor	: 3
vendor_id	: GenuineIntel
cpu family	: 6
model		: 69
model name	: Intel(R) Core(TM) i3-4005U CPU @ 1.70GHz
stepping	: 1
microcode	: 0x1d
cpu MHz		: 1599.992
cache size	: 3072 KB
physical id	: 0
siblings	: 4
core id		: 1
cpu cores	: 2
apicid		: 3
initial apicid	: 3
fpu		: yes
fpu_exception	: yes
cpuid level	: 13
wp		: yes
flags		: fpu vme de pse tsc msr pae mce cx8 apic sep mtrr pge mca cmov pat pse36 clflush dts acpi mmx fxsr sse sse2 ss ht tm pbe syscall nx pdpe1gb rdtscp lm constant_tsc arch_perfmon pebs bts rep_good nopl xtopology nonstop_tsc aperfmperf eagerfpu pni pclmulqdq dtes64 monitor ds_cpl vmx est tm2 ssse3 sdbg fma cx16 xtpr pdcm pcid sse4_1 sse4_2 movbe popcnt tsc_deadline_timer aes xsave avx f16c rdrand lahf_lm abm epb tpr_shadow vnmi flexpriority ept vpid fsgsbase tsc_adjust bmi1 avx2 smep bmi2 erms invpcid xsaveopt dtherm arat pln pts
bugs		:
bogomips	: 3392.31
clflush size	: 64
cache_alignment	: 64
address sizes	: 39 bits physical, 48 bits virtual
power management:



Memory: 4k page, physical 3965376k(801960k free), swap 4113404k(3753612k free)

vm_info: Java HotSpot(TM) 64-Bit Server VM (25.112-b15) for linux-amd64 JRE (1.8.0_112-b15), built on Sep 22 2016 21:10:53 by "java_re" with gcc 4.3.0 20080428 (Red Hat 4.3.0-8)

time: Tue Nov  8 23:33:23 2016
elapsed time: 1 seconds (0d 0h 0m 1s)

